app/build/intermediates/manifest_merge_blame_file/debug/manifest-merger-blame-debug-report.txt
1<?xml version="1.0" encoding="utf-8"?>
2<manifest xmlns:android="http://schemas.android.com/apk/res/android"
3    package="org.sapplayer.sample"
4    android:installLocation="auto"
5    android:versionCode="1"
6    android:versionName="1.0.0" >
7
8    <uses-sdk
9        android:minSdkVersion="14"
9-->src\main\AndroidManifest.xml
10        android:targetSdkVersion="19" />
10-->src\main\AndroidManifest.xml
11
12    <uses-permission android:name="android.permission.CHANGE_NETWORK_STATE" />
12-->src\main\AndroidManifest.xml:8:5-79
12-->src\main\AndroidManifest.xml:8:22-76
13    <uses-permission android:name="android.permission.INTERNET" />
13-->src\main\AndroidManifest.xml:9:5-67
13-->src\main\AndroidManifest.xml:9:22-64
14    <uses-permission android:name="android.permission.CHANGE_WIFI_MULTICAST_STATE" />
14-->src\main\AndroidManifest.xml:10:5-86
14-->src\main\AndroidManifest.xml:10:22-83
15    <uses-permission android:name="android.permission.WRITE_EXTERNAL_STORAGE" />
15-->src\main\AndroidManifest.xml:11:5-81
15-->src\main\AndroidManifest.xml:11:22-78
16    <uses-permission android:name="android.permission.DISABLE_KEYGUARD" />
16-->src\main\AndroidManifest.xml:12:5-75
16-->src\main\AndroidManifest.xml:12:22-72
17    <uses-permission android:name="android.permission.WAKE_LOCK" />
17-->src\main\AndroidManifest.xml:13:5-68
17-->src\main\AndroidManifest.xml:13:22-65
18    <uses-permission android:name="android.permission.GET_TASKS" />
18-->src\main\AndroidManifest.xml:14:5-68
18-->src\main\AndroidManifest.xml:14:22-65
19    <uses-permission android:name="android.permission.ACCESS_NETWORK_STATE" />
19-->src\main\AndroidManifest.xml:15:5-78
19-->src\main\AndroidManifest.xml:15:22-76
20    <uses-permission android:name="android.permission.READ_LOGS" />
20-->src\main\AndroidManifest.xml:16:5-67
20-->src\main\AndroidManifest.xml:16:22-65
21
22    <application
22-->src\main\AndroidManifest.xml:18:5-281:16
23        android:allowBackup="true"
23-->src\main\AndroidManifest.xml:19:9-35
24        android:debuggable="true"
25        android:hardwareAccelerated="true"
25-->src\main\AndroidManifest.xml:24:9-43
26        android:icon="@drawable/app"
26-->src\main\AndroidManifest.xml:20:9-37
27        android:label="@string/app_name"
27-->src\main\AndroidManifest.xml:22:9-41
28        android:largeHeap="true"
28-->src\main\AndroidManifest.xml:25:9-33
29        android:logo="@drawable/app"
29-->src\main\AndroidManifest.xml:21:9-37
30        android:testOnly="true"
31        android:theme="@style/AppTheme" >
31-->src\main\AndroidManifest.xml:23:9-40
32        <activity
32-->src\main\AndroidManifest.xml:27:9-273:20
33            android:name="org.sapplayer.sample.activity.MainActivity"
33-->src\main\AndroidManifest.xml:28:13-70
34            android:configChanges="orientation|screenSize"
34-->src\main\AndroidManifest.xml:30:13-59
35            android:label="@string/app_name"
35-->src\main\AndroidManifest.xml:29:13-45
36            android:noHistory="true" >
36-->src\main\AndroidManifest.xml:31:13-37
37            <intent-filter>
37-->src\main\AndroidManifest.xml:33:13-36:29
38                <action android:name="android.intent.action.MAIN" />
38-->src\main\AndroidManifest.xml:34:17-69
38-->src\main\AndroidManifest.xml:34:25-66
39
40                <category android:name="android.intent.category.LAUNCHER" />
40-->src\main\AndroidManifest.xml:35:17-77
40-->src\main\AndroidManifest.xml:35:27-74
41            </intent-filter>
42            <!-- This filter captures protocols without type info -->
43            <intent-filter>
43-->src\main\AndroidManifest.xml:38:13-54:29
44                <action android:name="android.intent.action.VIEW" />
44-->src\main\AndroidManifest.xml:39:17-69
44-->src\main\AndroidManifest.xml:39:25-66
45
46                <category android:name="android.intent.category.DEFAULT" />
46-->src\main\AndroidManifest.xml:40:17-76
46-->src\main\AndroidManifest.xml:40:27-73
47                <category android:name="android.intent.category.BROWSABLE" />
47-->src\main\AndroidManifest.xml:41:17-78
47-->src\main\AndroidManifest.xml:41:27-75
48
49                <data android:scheme="rtmp" />
49-->src\main\AndroidManifest.xml:43:17-47
49-->src\main\AndroidManifest.xml:43:23-44
50                <data android:scheme="rtmpe" />
50-->src\main\AndroidManifest.xml:43:17-47
50-->src\main\AndroidManifest.xml:43:23-44
51                <data android:scheme="rtmps" />
51-->src\main\AndroidManifest.xml:43:17-47
51-->src\main\AndroidManifest.xml:43:23-44
52                <data android:scheme="rtp" />
52-->src\main\AndroidManifest.xml:43:17-47
52-->src\main\AndroidManifest.xml:43:23-44
53                <data android:scheme="rtsp" />
53-->src\main\AndroidManifest.xml:43:17-47
53-->src\main\AndroidManifest.xml:43:23-44
54                <data android:scheme="mms" />
54-->src\main\AndroidManifest.xml:43:17-47
54-->src\main\AndroidManifest.xml:43:23-44
55                <data android:scheme="mmsh" />
55-->src\main\AndroidManifest.xml:43:17-47
55-->src\main\AndroidManifest.xml:43:23-44
56                <data android:scheme="icyx" />
56-->src\main\AndroidManifest.xml:43:17-47
56-->src\main\AndroidManifest.xml:43:23-44
57                <data android:scheme="httplive" />
57-->src\main\AndroidManifest.xml:43:17-47
57-->src\main\AndroidManifest.xml:43:23-44
58                <data android:scheme="udp" />
58-->src\main\AndroidManifest.xml:43:17-47
58-->src\main\AndroidManifest.xml:43:23-44
59                <data android:scheme="vlc" />
59-->src\main\AndroidManifest.xml:43:17-47
59-->src\main\AndroidManifest.xml:43:23-44
60            </intent-filter>
61            <!-- This filter captures protocols with type info -->
62            <intent-filter>
62-->src\main\AndroidManifest.xml:56:13-74:29
63                <action android:name="android.intent.action.VIEW" />
63-->src\main\AndroidManifest.xml:39:17-69
63-->src\main\AndroidManifest.xml:39:25-66
64
65                <category android:name="android.intent.category.DEFAULT" />
65-->src\main\AndroidManifest.xml:40:17-76
65-->src\main\AndroidManifest.xml:40:27-73
66                <category android:name="android.intent.category.BROWSABLE" />
66-->src\main\AndroidManifest.xml:41:17-78
66-->src\main\AndroidManifest.xml:41:27-75
67
68                <data android:mimeType="video/*" />
68-->src\main\AndroidManifest.xml:43:17-47
68-->src\main\AndroidManifest.xml:60:23-49
69                <data android:mimeType="audio/*" />
69-->src\main\AndroidManifest.xml:43:17-47
69-->src\main\AndroidManifest.xml:60:23-49
70                <data android:scheme="rtmp" />
70-->src\main\AndroidManifest.xml:43:17-47
70-->src\main\AndroidManifest.xml:43:23-44
71                <data android:scheme="rtmpe" />
71-->src\main\AndroidManifest.xml:43:17-47
71-->src\main\AndroidManifest.xml:43:23-44
72                <data android:scheme="rtmps" />
72-->src\main\AndroidManifest.xml:43:17-47
72-->src\main\AndroidManifest.xml:43:23-44
73                <data android:scheme="rtp" />
73-->src\main\AndroidManifest.xml:43:17-47
73-->src\main\AndroidManifest.xml:43:23-44
74                <data android:scheme="rtsp" />
74-->src\main\AndroidManifest.xml:43:17-47
74-->src\main\AndroidManifest.xml:43:23-44
75                <data android:scheme="mms" />
75-->src\main\AndroidManifest.xml:43:17-47
75-->src\main\AndroidManifest.xml:43:23-44
76                <data android:scheme="mmsh" />
76-->src\main\AndroidManifest.xml:43:17-47
76-->src\main\AndroidManifest.xml:43:23-44
77                <data android:scheme="icyx" />
77-->src\main\AndroidManifest.xml:43:17-47
77-->src\main\AndroidManifest.xml:43:23-44
78                <data android:scheme="httplive" />
78-->src\main\AndroidManifest.xml:43:17-47
78-->src\main\AndroidManifest.xml:43:23-44
79                <data android:scheme="udp" />
79-->src\main\AndroidManifest.xml:43:17-47
79-->src\main\AndroidManifest.xml:43:23-44
80            </intent-filter>
81            <intent-filter>
81-->src\main\AndroidManifest.xml:75:13-109:29
82                <action android:name="android.intent.action.VIEW" />
82-->src\main\AndroidManifest.xml:39:17-69
82-->src\main\AndroidManifest.xml:39:25-66
83
84                <category android:name="android.intent.category.DEFAULT" />
84-->src\main\AndroidManifest.xml:40:17-76
84-->src\main\AndroidManifest.xml:40:27-73
85                <category android:name="android.intent.category.BROWSABLE" />
85-->src\main\AndroidManifest.xml:41:17-78
85-->src\main\AndroidManifest.xml:41:27-75
86
87                <data android:scheme="" />
87-->src\main\AndroidManifest.xml:43:17-47
87-->src\main\AndroidManifest.xml:43:23-44
88                <data android:scheme="file" />
88-->src\main\AndroidManifest.xml:43:17-47
88-->src\main\AndroidManifest.xml:43:23-44
89                <data android:scheme="ftp" />
89-->src\main\AndroidManifest.xml:43:17-47
89-->src\main\AndroidManifest.xml:43:23-44
90                <data android:scheme="content" />
90-->src\main\AndroidManifest.xml:43:17-47
90-->src\main\AndroidManifest.xml:43:23-44
91                <data android:scheme="http" />
91-->src\main\AndroidManifest.xml:43:17-47
91-->src\main\AndroidManifest.xml:43:23-44
92                <data android:scheme="https" />
92-->src\main\AndroidManifest.xml:43:17-47
92-->src\main\AndroidManifest.xml:43:23-44
93                <data android:mimeType="video/*" />
93-->src\main\AndroidManifest.xml:43:17-47
93-->src\main\AndroidManifest.xml:60:23-49
94                <data android:mimeType="audio/*" />
94-->src\main\AndroidManifest.xml:43:17-47
94-->src\main\AndroidManifest.xml:60:23-49
95                <data android:mimeType="*/rmvb" />
95-->src\main\AndroidManifest.xml:43:17-47
95-->src\main\AndroidManifest.xml:60:23-49
96                <data android:mimeType="*/avi" />
96-->src\main\AndroidManifest.xml:43:17-47
96-->src\main\AndroidManifest.xml:60:23-49
97                <data android:mimeType="*/mkv" />
97-->src\main\AndroidManifest.xml:43:17-47
97-->src\main\AndroidManifest.xml:60:23-49
98                <data android:mimeType="application/3gpp*" />
98-->src\main\AndroidManifest.xml:43:17-47
98-->src\main\AndroidManifest.xml:60:23-49
99                <data android:mimeType="application/mp4" />
99-->src\main\AndroidManifest.xml:43:17-47
99-->src\main\AndroidManifest.xml:60:23-49
100                <data android:mimeType="application/mpeg*" />
100-->src\main\AndroidManifest.xml:43:17-47
100-->src\main\AndroidManifest.xml:60:23-49
101                <data android:mimeType="application/ogg" />
101-->src\main\AndroidManifest.xml:43:17-47
101-->src\main\AndroidManifest.xml:60:23-49
102                <data android:mimeType="application/sdp" />
102-->src\main\AndroidManifest.xml:43:17-47
102-->src\main\AndroidManifest.xml:60:23-49
103                <data android:mimeType="application/vnd.3gp*" />
103-->src\main\AndroidManifest.xml:43:17-47
103-->src\main\AndroidManifest.xml:60:23-49
104                <data android:mimeType="application/vnd.apple.mpegurl" />
104-->src\main\AndroidManifest.xml:43:17-47
104-->src\main\AndroidManifest.xml:60:23-49
105                <data android:mimeType="application/vnd.dvd*" />
105-->src\main\AndroidManifest.xml:43:17-47
105-->src\main\AndroidManifest.xml:60:23-49
106                <data android:mimeType="application/vnd.dolby*" />
106-->src\main\AndroidManifest.xml:43:17-47
106-->src\main\AndroidManifest.xml:60:23-49
107                <data android:mimeType="application/vnd.rn-realmedia*" />
107-->src\main\AndroidManifest.xml:43:17-47
107-->src\main\AndroidManifest.xml:60:23-49
108                <data android:mimeType="application/x-extension-mp4" />
108-->src\main\AndroidManifest.xml:43:17-47
108-->src\main\AndroidManifest.xml:60:23-49
109                <data android:mimeType="application/x-flac" />
109-->src\main\AndroidManifest.xml:43:17-47
109-->src\main\AndroidManifest.xml:60:23-49
110                <data android:mimeType="application/x-matroska" />
110-->src\main\AndroidManifest.xml:43:17-47
110-->src\main\AndroidManifest.xml:60:23-49
111                <data android:mimeType="application/x-mpegURL" />
111-->src\main\AndroidManifest.xml:43:17-47
111-->src\main\AndroidManifest.xml:60:23-49
112                <data android:mimeType="application/x-ogg" />
112-->src\main\AndroidManifest.xml:43:17-47
112-->src\main\AndroidManifest.xml:60:23-49
113                <data android:mimeType="application/x-quicktimeplayer" />
113-->src\main\AndroidManifest.xml:43:17-47
113-->src\main\AndroidManifest.xml:60:23-49
114                <data android:mimeType="application/x-shockwave-flash" />
114-->src\main\AndroidManifest.xml:43:17-47
114-->src\main\AndroidManifest.xml:60:23-49
115                <data android:mimeType="application/xspf+xml" />
115-->src\main\AndroidManifest.xml:43:17-47
115-->src\main\AndroidManifest.xml:60:23-49
116                <data android:mimeType="misc/ultravox" />
116-->src\main\AndroidManifest.xml:43:17-47
116-->src\main\AndroidManifest.xml:60:23-49
117            </intent-filter>
118            <intent-filter>
118-->src\main\AndroidManifest.xml:111:13-123:20
119                <action android:name="android.intent.action.VIEW" />
119-->src\main\AndroidManifest.xml:39:17-69
119-->src\main\AndroidManifest.xml:39:25-66
120
121                <category android:name="android.intent.category.DEFAULT" />
121-->src\main\AndroidManifest.xml:40:17-76
121-->src\main\AndroidManifest.xml:40:27-73
122                <category android:name="android.intent.category.BROWSABLE" />
122-->src\main\AndroidManifest.xml:41:17-78
122-->src\main\AndroidManifest.xml:41:27-75
123
124                <data
124-->src\main\AndroidManifest.xml:43:17-47
125                    android:host="*"
125-->src\main\AndroidManifest.xml:115:32-48
126                    android:pathPattern=".*\\.m3u8"
126-->src\main\AndroidManifest.xml:116:14-45
127                    android:scheme="http" />
127-->src\main\AndroidManifest.xml:43:23-44
128                <data
128-->src\main\AndroidManifest.xml:43:17-47
129                    android:host="*"
129-->src\main\AndroidManifest.xml:115:32-48
130                    android:pathPattern=".*\\..*\\.m3u8"
130-->src\main\AndroidManifest.xml:116:14-45
131                    android:scheme="http" />
131-->src\main\AndroidManifest.xml:43:23-44
132                <data
132-->src\main\AndroidManifest.xml:43:17-47
133                    android:host="*"
133-->src\main\AndroidManifest.xml:115:32-48
134                    android:pathPattern=".*\\..*\\..*\\..m3u8"
134-->src\main\AndroidManifest.xml:116:14-45
135                    android:scheme="http" />
135-->src\main\AndroidManifest.xml:43:23-44
136                <data
136-->src\main\AndroidManifest.xml:43:17-47
137                    android:host="*"
137-->src\main\AndroidManifest.xml:115:32-48
138                    android:pathPattern=".*\\..*\\..*\\..*\\.m3u8"
138-->src\main\AndroidManifest.xml:116:14-45
139                    android:scheme="http" />
139-->src\main\AndroidManifest.xml:43:23-44
140            </intent-filter>
141            <intent-filter>
141-->src\main\AndroidManifest.xml:125:4-137:20
142                <action android:name="android.intent.action.VIEW" />
142-->src\main\AndroidManifest.xml:39:17-69
142-->src\main\AndroidManifest.xml:39:25-66
143
144                <category android:name="android.intent.category.DEFAULT" />
144-->src\main\AndroidManifest.xml:40:17-76
144-->src\main\AndroidManifest.xml:40:27-73
145                <category android:name="android.intent.category.BROWSABLE" />
145-->src\main\AndroidManifest.xml:41:17-78
145-->src\main\AndroidManifest.xml:41:27-75
146
147                <data
147-->src\main\AndroidManifest.xml:43:17-47
148                    android:host="*"
148-->src\main\AndroidManifest.xml:115:32-48
149                    android:pathPattern=".*\\.m3u"
149-->src\main\AndroidManifest.xml:116:14-45
150                    android:scheme="http" />
150-->src\main\AndroidManifest.xml:43:23-44
151                <data
151-->src\main\AndroidManifest.xml:43:17-47
152                    android:host="*"
152-->src\main\AndroidManifest.xml:115:32-48
153                    android:pathPattern=".*\\..*\\.m3u"
153-->src\main\AndroidManifest.xml:116:14-45
154                    android:scheme="http" />
154-->src\main\AndroidManifest.xml:43:23-44
155                <data
155-->src\main\AndroidManifest.xml:43:17-47
156                    android:host="*"
156-->src\main\AndroidManifest.xml:115:32-48
157                    android:pathPattern=".*\\..*\\..*\\..m3u"
157-->src\main\AndroidManifest.xml:116:14-45
158                    android:scheme="http" />
158-->src\main\AndroidManifest.xml:43:23-44
159                <data
159-->src\main\AndroidManifest.xml:43:17-47
160                    android:host="*"
160-->src\main\AndroidManifest.xml:115:32-48
161                    android:pathPattern=".*\\..*\\..*\\..*\\.m3u"
161-->src\main\AndroidManifest.xml:116:14-45
162                    android:scheme="http" />
162-->src\main\AndroidManifest.xml:43:23-44
163            </intent-filter>
164            <intent-filter>
164-->src\main\AndroidManifest.xml:139:13-272:29
165                <action android:name="android.intent.action.VIEW" />
165-->src\main\AndroidManifest.xml:39:17-69
165-->src\main\AndroidManifest.xml:39:25-66
166
167                <category android:name="android.intent.category.DEFAULT" />
167-->src\main\AndroidManifest.xml:40:17-76
167-->src\main\AndroidManifest.xml:40:27-73
168                <category android:name="android.intent.category.BROWSABLE" />
168-->src\main\AndroidManifest.xml:41:17-78
168-->src\main\AndroidManifest.xml:41:27-75
169
170                <data android:scheme="" />
170-->src\main\AndroidManifest.xml:43:17-47
170-->src\main\AndroidManifest.xml:43:23-44
171                <data android:scheme="file" />
171-->src\main\AndroidManifest.xml:43:17-47
171-->src\main\AndroidManifest.xml:43:23-44
172                <data android:scheme="ftp" />
172-->src\main\AndroidManifest.xml:43:17-47
172-->src\main\AndroidManifest.xml:43:23-44
173                <data android:scheme="content" />
173-->src\main\AndroidManifest.xml:43:17-47
173-->src\main\AndroidManifest.xml:43:23-44
174                <data android:scheme="http" />
174-->src\main\AndroidManifest.xml:43:17-47
174-->src\main\AndroidManifest.xml:43:23-44
175                <data android:scheme="https" />
175-->src\main\AndroidManifest.xml:43:17-47
175-->src\main\AndroidManifest.xml:43:23-44
176                <data android:host="*" />
176-->src\main\AndroidManifest.xml:43:17-47
176-->src\main\AndroidManifest.xml:115:32-48
177
178                <!-- video -->
179
180                <data android:pathPattern=".*\\.3g2" />
180-->src\main\AndroidManifest.xml:43:17-47
180-->src\main\AndroidManifest.xml:116:14-45
181                <data android:pathPattern=".*\\.3gp" />
181-->src\main\AndroidManifest.xml:43:17-47
181-->src\main\AndroidManifest.xml:116:14-45
182                <data android:pathPattern=".*\\.3gp2" />
182-->src\main\AndroidManifest.xml:43:17-47
182-->src\main\AndroidManifest.xml:116:14-45
183                <data android:pathPattern=".*\\.3gpp" />
183-->src\main\AndroidManifest.xml:43:17-47
183-->src\main\AndroidManifest.xml:116:14-45
184                <data android:pathPattern=".*\\.amv" />
184-->src\main\AndroidManifest.xml:43:17-47
184-->src\main\AndroidManifest.xml:116:14-45
185                <data android:pathPattern=".*\\.asf" />
185-->src\main\AndroidManifest.xml:43:17-47
185-->src\main\AndroidManifest.xml:116:14-45
186                <data android:pathPattern=".*\\.avi" />
186-->src\main\AndroidManifest.xml:43:17-47
186-->src\main\AndroidManifest.xml:116:14-45
187                <data android:pathPattern=".*\\.divx" />
187-->src\main\AndroidManifest.xml:43:17-47
187-->src\main\AndroidManifest.xml:116:14-45
188                <data android:pathPattern=".*\\.drc" />
188-->src\main\AndroidManifest.xml:43:17-47
188-->src\main\AndroidManifest.xml:116:14-45
189                <data android:pathPattern=".*\\.dv" />
189-->src\main\AndroidManifest.xml:43:17-47
189-->src\main\AndroidManifest.xml:116:14-45
190                <data android:pathPattern=".*\\.f4v" />
190-->src\main\AndroidManifest.xml:43:17-47
190-->src\main\AndroidManifest.xml:116:14-45
191                <data android:pathPattern=".*\\.flv" />
191-->src\main\AndroidManifest.xml:43:17-47
191-->src\main\AndroidManifest.xml:116:14-45
192                <data android:pathPattern=".*\\.gvi" />
192-->src\main\AndroidManifest.xml:43:17-47
192-->src\main\AndroidManifest.xml:116:14-45
193                <data android:pathPattern=".*\\.gxf" />
193-->src\main\AndroidManifest.xml:43:17-47
193-->src\main\AndroidManifest.xml:116:14-45
194                <data android:pathPattern=".*\\.ismv" />
194-->src\main\AndroidManifest.xml:43:17-47
194-->src\main\AndroidManifest.xml:116:14-45
195                <data android:pathPattern=".*\\.iso" />
195-->src\main\AndroidManifest.xml:43:17-47
195-->src\main\AndroidManifest.xml:116:14-45
196                <data android:pathPattern=".*\\.m1v" />
196-->src\main\AndroidManifest.xml:43:17-47
196-->src\main\AndroidManifest.xml:116:14-45
197                <data android:pathPattern=".*\\.m2v" />
197-->src\main\AndroidManifest.xml:43:17-47
197-->src\main\AndroidManifest.xml:116:14-45
198                <data android:pathPattern=".*\\.m2t" />
198-->src\main\AndroidManifest.xml:43:17-47
198-->src\main\AndroidManifest.xml:116:14-45
199                <data android:pathPattern=".*\\.m2ts" />
199-->src\main\AndroidManifest.xml:43:17-47
199-->src\main\AndroidManifest.xml:116:14-45
200                <data android:pathPattern=".*\\.m3u" />
200-->src\main\AndroidManifest.xml:43:17-47
200-->src\main\AndroidManifest.xml:116:14-45
201                <!-- <data android:pathPattern=".*\\.m3u8" /> -->
202                <data android:pathPattern=".*\\.mkv" />
202-->src\main\AndroidManifest.xml:43:17-47
202-->src\main\AndroidManifest.xml:116:14-45
203                <data android:pathPattern=".*\\.mov" />
203-->src\main\AndroidManifest.xml:43:17-47
203-->src\main\AndroidManifest.xml:116:14-45
204                <data android:pathPattern=".*\\.mp2" />
204-->src\main\AndroidManifest.xml:43:17-47
204-->src\main\AndroidManifest.xml:116:14-45
205                <data android:pathPattern=".*\\.mp2v" />
205-->src\main\AndroidManifest.xml:43:17-47
205-->src\main\AndroidManifest.xml:116:14-45
206                <data android:pathPattern=".*\\.mp4" />
206-->src\main\AndroidManifest.xml:43:17-47
206-->src\main\AndroidManifest.xml:116:14-45
207                <data android:pathPattern=".*\\.mp4v" />
207-->src\main\AndroidManifest.xml:43:17-47
207-->src\main\AndroidManifest.xml:116:14-45
208                <data android:pathPattern=".*\\.mpe" />
208-->src\main\AndroidManifest.xml:43:17-47
208-->src\main\AndroidManifest.xml:116:14-45
209                <data android:pathPattern=".*\\.mpeg" />
209-->src\main\AndroidManifest.xml:43:17-47
209-->src\main\AndroidManifest.xml:116:14-45
210                <data android:pathPattern=".*\\.mpeg1" />
210-->src\main\AndroidManifest.xml:43:17-47
210-->src\main\AndroidManifest.xml:116:14-45
211                <data android:pathPattern=".*\\.mpeg2" />
211-->src\main\AndroidManifest.xml:43:17-47
211-->src\main\AndroidManifest.xml:116:14-45
212                <data android:pathPattern=".*\\.mpeg4" />
212-->src\main\AndroidManifest.xml:43:17-47
212-->src\main\AndroidManifest.xml:116:14-45
213                <data android:pathPattern=".*\\.mpg" />
213-->src\main\AndroidManifest.xml:43:17-47
213-->src\main\AndroidManifest.xml:116:14-45
214                <data android:pathPattern=".*\\.mpv2" />
214-->src\main\AndroidManifest.xml:43:17-47
214-->src\main\AndroidManifest.xml:116:14-45
215                <data android:pathPattern=".*\\.mts" />
215-->src\main\AndroidManifest.xml:43:17-47
215-->src\main\AndroidManifest.xml:116:14-45
216                <data android:pathPattern=".*\\.mtv" />
216-->src\main\AndroidManifest.xml:43:17-47
216-->src\main\AndroidManifest.xml:116:14-45
217                <data android:pathPattern=".*\\.mxf" />
217-->src\main\AndroidManifest.xml:43:17-47
217-->src\main\AndroidManifest.xml:116:14-45
218                <data android:pathPattern=".*\\.mxg" />
218-->src\main\AndroidManifest.xml:43:17-47
218-->src\main\AndroidManifest.xml:116:14-45
219                <data android:pathPattern=".*\\.nsv" />
219-->src\main\AndroidManifest.xml:43:17-47
219-->src\main\AndroidManifest.xml:116:14-45
220                <data android:pathPattern=".*\\.nut" />
220-->src\main\AndroidManifest.xml:43:17-47
220-->src\main\AndroidManifest.xml:116:14-45
221                <data android:pathPattern=".*\\.nuv" />
221-->src\main\AndroidManifest.xml:43:17-47
221-->src\main\AndroidManifest.xml:116:14-45
222                <data android:pathPattern=".*\\.ogm" />
222-->src\main\AndroidManifest.xml:43:17-47
222-->src\main\AndroidManifest.xml:116:14-45
223                <data android:pathPattern=".*\\.ogv" />
223-->src\main\AndroidManifest.xml:43:17-47
223-->src\main\AndroidManifest.xml:116:14-45
224                <data android:pathPattern=".*\\.ogx" />
224-->src\main\AndroidManifest.xml:43:17-47
224-->src\main\AndroidManifest.xml:116:14-45
225                <data android:pathPattern=".*\\.ps" />
225-->src\main\AndroidManifest.xml:43:17-47
225-->src\main\AndroidManifest.xml:116:14-45
226                <data android:pathPattern=".*\\.rec" />
226-->src\main\AndroidManifest.xml:43:17-47
226-->src\main\AndroidManifest.xml:116:14-45
227                <data android:pathPattern=".*\\.rm" />
227-->src\main\AndroidManifest.xml:43:17-47
227-->src\main\AndroidManifest.xml:116:14-45
228                <data android:pathPattern=".*\\.rmvb" />
228-->src\main\AndroidManifest.xml:43:17-47
228-->src\main\AndroidManifest.xml:116:14-45
229                <data android:pathPattern=".*\\.tod" />
229-->src\main\AndroidManifest.xml:43:17-47
229-->src\main\AndroidManifest.xml:116:14-45
230                <data android:pathPattern=".*\\.ts" />
230-->src\main\AndroidManifest.xml:43:17-47
230-->src\main\AndroidManifest.xml:116:14-45
231                <data android:pathPattern=".*\\.tts" />
231-->src\main\AndroidManifest.xml:43:17-47
231-->src\main\AndroidManifest.xml:116:14-45
232                <data android:pathPattern=".*\\.vob" />
232-->src\main\AndroidManifest.xml:43:17-47
232-->src\main\AndroidManifest.xml:116:14-45
233                <data android:pathPattern=".*\\.vro" />
233-->src\main\AndroidManifest.xml:43:17-47
233-->src\main\AndroidManifest.xml:116:14-45
234                <data android:pathPattern=".*\\.webm" />
234-->src\main\AndroidManifest.xml:43:17-47
234-->src\main\AndroidManifest.xml:116:14-45
235                <data android:pathPattern=".*\\.wm" />
235-->src\main\AndroidManifest.xml:43:17-47
235-->src\main\AndroidManifest.xml:116:14-45
236                <data android:pathPattern=".*\\.wmv" />
236-->src\main\AndroidManifest.xml:43:17-47
236-->src\main\AndroidManifest.xml:116:14-45
237                <data android:pathPattern=".*\\.wtv" />
237-->src\main\AndroidManifest.xml:43:17-47
237-->src\main\AndroidManifest.xml:116:14-45
238                <data android:pathPattern=".*\\.xesc" />
238-->src\main\AndroidManifest.xml:43:17-47
238-->src\main\AndroidManifest.xml:116:14-45
239                <data android:pathPattern=".*\\.3G2" />
239-->src\main\AndroidManifest.xml:43:17-47
239-->src\main\AndroidManifest.xml:116:14-45
240                <data android:pathPattern=".*\\.3GP" />
240-->src\main\AndroidManifest.xml:43:17-47
240-->src\main\AndroidManifest.xml:116:14-45
241                <data android:pathPattern=".*\\.3GP2" />
241-->src\main\AndroidManifest.xml:43:17-47
241-->src\main\AndroidManifest.xml:116:14-45
242                <data android:pathPattern=".*\\.3GPP" />
242-->src\main\AndroidManifest.xml:43:17-47
242-->src\main\AndroidManifest.xml:116:14-45
243                <data android:pathPattern=".*\\.AMV" />
243-->src\main\AndroidManifest.xml:43:17-47
243-->src\main\AndroidManifest.xml:116:14-45
244                <data android:pathPattern=".*\\.ASF" />
244-->src\main\AndroidManifest.xml:43:17-47
244-->src\main\AndroidManifest.xml:116:14-45
245                <data android:pathPattern=".*\\.AVI" />
245-->src\main\AndroidManifest.xml:43:17-47
245-->src\main\AndroidManifest.xml:116:14-45
246                <data android:pathPattern=".*\\.DIVX" />
246-->src\main\AndroidManifest.xml:43:17-47
246-->src\main\AndroidManifest.xml:116:14-45
247                <data android:pathPattern=".*\\.DRC" />
247-->src\main\AndroidManifest.xml:43:17-47
247-->src\main\AndroidManifest.xml:116:14-45
248                <data android:pathPattern=".*\\.DV" />
248-->src\main\AndroidManifest.xml:43:17-47
248-->src\main\AndroidManifest.xml:116:14-45
249                <data android:pathPattern=".*\\.F4V" />
249-->src\main\AndroidManifest.xml:43:17-47
249-->src\main\AndroidManifest.xml:116:14-45
250                <data android:pathPattern=".*\\.FLV" />
250-->src\main\AndroidManifest.xml:43:17-47
250-->src\main\AndroidManifest.xml:116:14-45
251                <data android:pathPattern=".*\\.GVI" />
251-->src\main\AndroidManifest.xml:43:17-47
251-->src\main\AndroidManifest.xml:116:14-45
252                <data android:pathPattern=".*\\.GXF" />
252-->src\main\AndroidManifest.xml:43:17-47
252-->src\main\AndroidManifest.xml:116:14-45
253                <data android:pathPattern=".*\\.ISMV" />
253-->src\main\AndroidManifest.xml:43:17-47
253-->src\main\AndroidManifest.xml:116:14-45
254                <data android:pathPattern=".*\\.ISO" />
254-->src\main\AndroidManifest.xml:43:17-47
254-->src\main\AndroidManifest.xml:116:14-45
255                <data android:pathPattern=".*\\.M1V" />
255-->src\main\AndroidManifest.xml:43:17-47
255-->src\main\AndroidManifest.xml:116:14-45
256                <data android:pathPattern=".*\\.M2V" />
256-->src\main\AndroidManifest.xml:43:17-47
256-->src\main\AndroidManifest.xml:116:14-45